Using pre-set license

 COMMAND LINE ARGUMENTS:
/Applications/Unity/Hub/Editor/2020.3.4f1/Unity.app/Contents/MacOS/Unity
-adb2
-batchMode
-noUpm
-name
AssetImportWorker0
-projectPath
/Users/raymanan11/Desktop/BeachHacks/Traffic-Visual-BeachHacks-2021/Traffic Visualizer
-logFile
Logs/AssetImportWorker0.log
-srvPort
52240
Successfully changed project path to: /Users/raymanan11/Desktop/BeachHacks/Traffic-Visual-BeachHacks-2021/Traffic Visualizer
/Users/raymanan11/Desktop/BeachHacks/Traffic-Visual-BeachHacks-2021/Traffic Visualizer
Using Asset Import Pipeline V2.
Refreshing native plugins compatible for Editor in 44.99 ms, found 2 plugins.
Preloading 1 native plugins for Editor in 11.11 ms.
Initialize engine version: 2020.3.4f1 (0abb6314276a)
[Subsystems] Discovering subsystems at path /Applications/Unity/Hub/Editor/2020.3.4f1/Unity.app/Contents/Resources/UnitySubsystems
[Subsystems] Discovering subsystems at path /Users/raymanan11/Desktop/BeachHacks/Traffic-Visual-BeachHacks-2021/Traffic Visualizer/Assets
GfxDevice: creating device client; threaded=0
2021-04-17 13:44:47.646 Unity[82269:7118098] Color LCD preferred device: AMD Radeon Pro 5300M (high power)
2021-04-17 13:44:47.646 Unity[82269:7118098] Metal devices available: 2
2021-04-17 13:44:47.646 Unity[82269:7118098] 0: AMD Radeon Pro 5300M (high power)
2021-04-17 13:44:47.646 Unity[82269:7118098] 1: Intel(R) UHD Graphics 630 (low power)
2021-04-17 13:44:47.646 Unity[82269:7118098] Using device AMD Radeon Pro 5300M (high power)
Initializing Metal device caps: AMD Radeon Pro 5300M
Initialize mono
Mono path[0] = '/Applications/Unity/Hub/Editor/2020.3.4f1/Unity.app/Contents/Managed'
Mono path[1] = '/Applications/Unity/Hub/Editor/2020.3.4f1/Unity.app/Contents/MonoBleedingEdge/lib/mono/unityjit'
Mono config path = '/Applications/Unity/Hub/Editor/2020.3.4f1/Unity.app/Contents/MonoBleedingEdge/etc'
Using monoOptions --debugger-agent=transport=dt_socket,embedding=1,server=y,suspend=n,address=127.0.0.1:56269
Begin MonoManager ReloadAssembly
Registering precompiled unity dll's ...
Register platform support module: /Applications/Unity/Hub/Editor/2020.3.4f1/Unity.app/Contents/PlaybackEngines/MacStandaloneSupport/UnityEditor.OSXStandalone.Extensions.dll
Registered in 0.004493 seconds.
Native extension for OSXStandalone target not found
Refreshing native plugins compatible for Editor in 38.28 ms, found 2 plugins.
Preloading 1 native plugins for Editor in 0.84 ms.
Mono: successfully reloaded assembly
- Completed reload, in  5.033 seconds
Platform modules already initialized, skipping
Registering precompiled user dll's ...
Registered in 0.002779 seconds.
Begin MonoManager ReloadAssembly
Native extension for OSXStandalone target not found
Refreshing native plugins compatible for Editor in 0.39 ms, found 2 plugins.
Preloading 1 native plugins for Editor in 0.70 ms.
Mono: successfully reloaded assembly
- Completed reload, in  1.425 seconds
Platform modules already initialized, skipping
========================================================================
Worker process is ready to serve import requests
Launching external process: /Applications/Unity/Hub/Editor/2020.3.4f1/Unity.app/Contents/Tools/UnityShaderCompiler
Launched and connected shader compiler UnityShaderCompiler after 0.02 seconds
Refreshing native plugins compatible for Editor in 0.36 ms, found 2 plugins.
Preloading 1 native plugins for Editor in 0.64 ms.
Unloading 1583 Unused Serialized files (Serialized files now loaded: 0)
System memory in use before: 137.8 MB.
System memory in use after: 135.3 MB.

Unloading 28 unused Assets to reduce memory usage. Loaded Objects now: 2008.
Total: 5.258165 ms (FindLiveObjects: 0.235490 ms CreateObjectMapping: 0.060841 ms MarkObjects: 1.981657 ms  DeleteObjects: 2.978761 ms)

========================================================================
Received Import Request.
  path: Assets/echoAR/echoAR.prefab
  artifactKey: Guid(e1d4d8772d02a5a47acd9aa621ae8c34) Importer(815301076,1909f56bfc062723c751e8b465ee728b)
Start importing Assets/echoAR/echoAR.prefab using Guid(e1d4d8772d02a5a47acd9aa621ae8c34) Importer(815301076,1909f56bfc062723c751e8b465ee728b)  -> (artifact id: '5fccb9ef3631b553f4228a7bf19dc044') in 1.111314 seconds
  Import took 1.114155 seconds .

========================================================================
Received Import Request.
  Time since last request: 0.000217 seconds.
  path: Assets/echoAR
  artifactKey: Guid(d698d8a06c531dc47ae04023eb4a1a58) Importer(815301076,1909f56bfc062723c751e8b465ee728b)
Start importing Assets/echoAR using Guid(d698d8a06c531dc47ae04023eb4a1a58) Importer(815301076,1909f56bfc062723c751e8b465ee728b)  -> (artifact id: '24c09de7c01ea850a59ad6a5f445c370') in 0.000945 seconds
  Import took 0.003163 seconds .

